[100%] Building CXX object CMakeFiles/useSophus.dir/useSophus.cpp.o
In file included from /usr/include/eigen3/Eigen/Core:254:0,
                 from /home/yanqiao/workspace/slambook/exercise/ch04/useSophus/useSophus.cpp:5:
/usr/include/eigen3/Eigen/src/Core/Assign.h: In instantiation of ‘Derived& Eigen::DenseBase<Derived>::lazyAssign(const Eigen::DenseBase<OtherDerived>&) [with OtherDerived = Eigen::Matrix<double, 3, 3>; Derived = Eigen::Matrix<double, 3, 1>]’:
/usr/include/eigen3/Eigen/src/Core/PlainObjectBase.h:411:46:   required from ‘Derived& Eigen::PlainObjectBase<Derived>::lazyAssign(const Eigen::DenseBase<OtherDerived>&) [with OtherDerived = Eigen::Matrix<double, 3, 3>; Derived = Eigen::Matrix<double, 3, 1>]’
/usr/include/eigen3/Eigen/src/Core/Assign.h:520:123:   required from ‘static Derived& Eigen::internal::assign_selector<Derived, OtherDerived, false, false>::run(Derived&, const OtherDerived&) [with Derived = Eigen::Matrix<double, 3, 1>; OtherDerived = Eigen::Matrix<double, 3, 3>]’
/usr/include/eigen3/Eigen/src/Core/PlainObjectBase.h:618:105:   required from ‘Derived& Eigen::PlainObjectBase<Derived>::_set_noalias(const Eigen::DenseBase<OtherDerived>&) [with OtherDerived = Eigen::Matrix<double, 3, 3>; Derived = Eigen::Matrix<double, 3, 1>]’
/usr/include/eigen3/Eigen/src/Core/Matrix.h:281:31:   required from ‘Eigen::Matrix<_Scalar, _Rows, _Cols, _Options, _MaxRows, _MaxCols>::Matrix(const Eigen::MatrixBase<OtherDerived>&) [with OtherDerived = Eigen::Matrix<double, 3, 3>; _Scalar = double; int _Rows = 3; int _Cols = 1; int _Options = 0; int _MaxRows = 3; int _MaxCols = 1]’
/home/yanqiao/workspace/slambook/exercise/ch04/useSophus/useSophus.cpp:32:45:   required from here
/usr/include/eigen3/Eigen/src/Core/util/StaticAssert.h:112:9: error: ‘YOU_MIXED_MATRICES_OF_DIFFERENT_SIZES’ is not a member of ‘Eigen::internal::static_assertion<false>’
         if (Eigen::internal::static_assertion<bool(CONDITION)>::MSG) {}
         ^
/usr/include/eigen3/Eigen/src/Core/util/StaticAssert.h:182:3: note: in expansion of macro ‘EIGEN_STATIC_ASSERT’
   EIGEN_STATIC_ASSERT( \
   ^
/usr/include/eigen3/Eigen/src/Core/Assign.h:492:3: note: in expansion of macro ‘EIGEN_STATIC_ASSERT_SAME_MATRIX_SIZE’
   EIGEN_STATIC_ASSERT_SAME_MATRIX_SIZE(Derived,OtherDerived)
   ^
/usr/include/eigen3/Eigen/src/Core/Assign.h: In instantiation of ‘Derived& Eigen::DenseBase<Derived>::lazyAssign(const Eigen::DenseBase<OtherDerived>&) [with OtherDerived = Eigen::Matrix<double, 3, 1>; Derived = Eigen::Matrix<double, 3, 3>]’:
/usr/include/eigen3/Eigen/src/Core/PlainObjectBase.h:411:46:   required from ‘Derived& Eigen::PlainObjectBase<Derived>::lazyAssign(const Eigen::DenseBase<OtherDerived>&) [with OtherDerived = Eigen::Matrix<double, 3, 1>; Derived = Eigen::Matrix<double, 3, 3>]’
/usr/include/eigen3/Eigen/src/Core/Assign.h:520:123:   required from ‘static Derived& Eigen::internal::assign_selector<Derived, OtherDerived, false, false>::run(Derived&, const OtherDerived&) [with Derived = Eigen::Matrix<double, 3, 3>; OtherDerived = Eigen::Matrix<double, 3, 1>]’
/usr/include/eigen3/Eigen/src/Core/PlainObjectBase.h:618:105:   required from ‘Derived& Eigen::PlainObjectBase<Derived>::_set_noalias(const Eigen::DenseBase<OtherDerived>&) [with OtherDerived = Eigen::Matrix<double, 3, 1>; Derived = Eigen::Matrix<double, 3, 3>]’
/usr/include/eigen3/Eigen/src/Core/Matrix.h:281:31:   required from ‘Eigen::Matrix<_Scalar, _Rows, _Cols, _Options, _MaxRows, _MaxCols>::Matrix(const Eigen::MatrixBase<OtherDerived>&) [with OtherDerived = Eigen::Matrix<double, 3, 1>; _Scalar = double; int _Rows = 3; int _Cols = 3; int _Options = 0; int _MaxRows = 3; int _MaxCols = 3]’
/home/yanqiao/workspace/slambook/exercise/ch04/useSophus/useSophus.cpp:33:45:   required from here
/usr/include/eigen3/Eigen/src/Core/util/StaticAssert.h:112:9: error: ‘YOU_MIXED_MATRICES_OF_DIFFERENT_SIZES’ is not a member of ‘Eigen::internal::static_assertion<false>’
         if (Eigen::internal::static_assertion<bool(CONDITION)>::MSG) {}
         ^
/usr/include/eigen3/Eigen/src/Core/util/StaticAssert.h:182:3: note: in expansion of macro ‘EIGEN_STATIC_ASSERT’
   EIGEN_STATIC_ASSERT( \
   ^
/usr/include/eigen3/Eigen/src/Core/Assign.h:492:3: note: in expansion of macro ‘EIGEN_STATIC_ASSERT_SAME_MATRIX_SIZE’
   EIGEN_STATIC_ASSERT_SAME_MATRIX_SIZE(Derived,OtherDerived)
   ^
make[2]: *** [CMakeFiles/useSophus.dir/useSophus.cpp.o] Error 1
make[1]: *** [CMakeFiles/useSophus.dir/all] Error 2
make: *** [all] Error 2
