[100%] Building CXX object CMakeFiles/eigenMatrix.dir/eigenMatrix.cpp.o
/home/yanqiao/workspace/slambook/exercise/ch03/useEigen/eigenMatrix.cpp: In function ‘int main(int, char**)’:
/home/yanqiao/workspace/slambook/exercise/ch03/useEigen/eigenMatrix.cpp:63:30: error: no match for ‘operator<<’ (operand types are ‘std::basic_ostream<char>’ and ‘Eigen::SelfAdjointEigenSolver<Eigen::Matrix<double, 3, 3> >’)
  cout << "eigen_solver = \n" <<  eigen_solver << endl;
                              ^
/home/yanqiao/workspace/slambook/exercise/ch03/useEigen/eigenMatrix.cpp:63:30: note: candidates are:
In file included from /usr/include/c++/4.8/iostream:39:0,
                 from /home/yanqiao/workspace/slambook/exercise/ch03/useEigen/eigenMatrix.cpp:1:
/usr/include/c++/4.8/ostream:108:7: note: std::basic_ostream<_CharT, _Traits>::__ostream_type& std::basic_ostream<_CharT, _Traits>::operator<<(std::basic_ostream<_CharT, _Traits>::__ostream_type& (*)(std::basic_ostream<_CharT, _Traits>::__ostream_type&)) [with _CharT = char; _Traits = std::char_traits<char>; std::basic_ostream<_CharT, _Traits>::__ostream_type = std::basic_ostream<char>]
       operator<<(__ostream_type& (*__pf)(__ostream_type&))
       ^
/usr/include/c++/4.8/ostream:108:7: note:   no known conversion for argument 1 from ‘Eigen::SelfAdjointEigenSolver<Eigen::Matrix<double, 3, 3> >’ to ‘std::basic_ostream<char>::__ostream_type& (*)(std::basic_ostream<char>::__ostream_type&) {aka std::basic_ostream<char>& (*)(std::basic_ostream<char>&)}’
/usr/include/c++/4.8/ostream:117:7: note: std::basic_ostream<_CharT, _Traits>::__ostream_type& std::basic_ostream<_CharT, _Traits>::operator<<(std::basic_ostream<_CharT, _Traits>::__ios_type& (*)(std::basic_ostream<_CharT, _Traits>::__ios_type&)) [with _CharT = char; _Traits = std::char_traits<char>; std::basic_ostream<_CharT, _Traits>::__ostream_type = std::basic_ostream<char>; std::basic_ostream<_CharT, _Traits>::__ios_type = std::basic_ios<char>]
       operator<<(__ios_type& (*__pf)(__ios_type&))
       ^
/usr/include/c++/4.8/ostream:117:7: note:   no known conversion for argument 1 from ‘Eigen::SelfAdjointEigenSolver<Eigen::Matrix<double, 3, 3> >’ to ‘std::basic_ostream<char>::__ios_type& (*)(std::basic_ostream<char>::__ios_type&) {aka std::basic_ios<char>& (*)(std::basic_ios<char>&)}’
/usr/include/c++/4.8/ostream:127:7: note: std::basic_ostream<_CharT, _Traits>::__ostream_type& std::basic_ostream<_CharT, _Traits>::operator<<(std::ios_base& (*)(std::ios_base&)) [with _CharT = char; _Traits = std::char_traits<char>; std::basic_ostream<_CharT, _Traits>::__ostream_type = std::basic_ostream<char>]
       operator<<(ios_base& (*__pf) (ios_base&))
       ^
/usr/include/c++/4.8/ostream:127:7: note:   no known conversion for argument 1 from ‘Eigen::SelfAdjointEigenSolver<Eigen::Matrix<double, 3, 3> >’ to ‘std::ios_base& (*)(std::ios_base&)’
/usr/include/c++/4.8/ostream:166:7: note: std::basic_ostream<_CharT, _Traits>::__ostream_type& std::basic_ostream<_CharT, _Traits>::operator<<(long int) [with _CharT = char; _Traits = std::char_traits<char>; std::basic_ostream<_CharT, _Traits>::__ostream_type = std::basic_ostream<char>]
       operator<<(long __n)
       ^
/usr/include/c++/4.8/ostream:166:7: note:   no known conversion for argument 1 from ‘Eigen::SelfAdjointEigenSolver<Eigen::Matrix<double, 3, 3> >’ to ‘long int’
/usr/include/c++/4.8/ostream:170:7: note: std::basic_ostream<_CharT, _Traits>::__ostream_type& std::basic_ostream<_CharT, _Traits>::operator<<(long unsigned int) [with _CharT = char; _Traits = std::char_traits<char>; std::basic_ostream<_CharT, _Traits>::__ostream_type = std::basic_ostream<char>]
       operator<<(unsigned long __n)
       ^
/usr/include/c++/4.8/ostream:170:7: note:   no known conversion for argument 1 from ‘Eigen::SelfAdjointEigenSolver<Eigen::Matrix<double, 3, 3> >’ to ‘long unsigned int’
/usr/include/c++/4.8/ostream:174:7: note: std::basic_ostream<_CharT, _Traits>::__ostream_type& std::basic_ostream<_CharT, _Traits>::operator<<(bool) [with _CharT = char; _Traits = std::char_traits<char>; std::basic_ostream<_CharT, _Traits>::__ostream_type = std::basic_ostream<char>]
       operator<<(bool __n)
       ^
/usr/include/c++/4.8/ostream:174:7: note:   no known conversion for argument 1 from ‘Eigen::SelfAdjointEigenSolver<Eigen::Matrix<double, 3, 3> >’ to ‘bool’
In file included from /usr/include/c++/4.8/ostream:612:0,
                 from /usr/include/c++/4.8/iostream:39,
                 from /home/yanqiao/workspace/slambook/exercise/ch03/useEigen/eigenMatrix.cpp:1:
/usr/include/c++/4.8/bits/ostream.tcc:91:5: note: std::basic_ostream<_CharT, _Traits>& std::basic_ostream<_CharT, _Traits>::operator<<(short int) [with _CharT = char; _Traits = std::char_traits<char>]
     basic_ostream<_CharT, _Traits>::
     ^
/usr/include/c++/4.8/bits/ostream.tcc:91:5: note:   no known conversion for argument 1 from ‘Eigen::SelfAdjointEigenSolver<Eigen::Matrix<double, 3, 3> >’ to ‘short int’
In file included from /usr/include/c++/4.8/iostream:39:0,
                 from /home/yanqiao/workspace/slambook/exercise/ch03/useEigen/eigenMatrix.cpp:1:
/usr/include/c++/4.8/ostream:181:7: note: std::basic_ostream<_CharT, _Traits>::__ostream_type& std::basic_ostream<_CharT, _Traits>::operator<<(short unsigned int) [with _CharT = char; _Traits = std::char_traits<char>; std::basic_ostream<_CharT, _Traits>::__ostream_type = std::basic_ostream<char>]
       operator<<(unsigned short __n)
       ^
/usr/include/c++/4.8/ostream:181:7: note:   no known conversion for argument 1 from ‘Eigen::SelfAdjointEigenSolver<Eigen::Matrix<double, 3, 3> >’ to ‘short unsigned int’
In file included from /usr/include/c++/4.8/ostream:612:0,
                 from /usr/include/c++/4.8/iostream:39,
                 from /home/yanqiao/workspace/slambook/exercise/ch03/useEigen/eigenMatrix.cpp:1:
/usr/include/c++/4.8/bits/ostream.tcc:105:5: note: std::basic_ostream<_CharT, _Traits>& std::basic_ostream<_CharT, _Traits>::operator<<(int) [with _CharT = char; _Traits = std::char_traits<char>]
     basic_ostream<_CharT, _Traits>::
     ^
/usr/include/c++/4.8/bits/ostream.tcc:105:5: note:   no known conversion for argument 1 from ‘Eigen::SelfAdjointEigenSolver<Eigen::Matrix<double, 3, 3> >’ to ‘int’
In file included from /usr/include/c++/4.8/iostream:39:0,
                 from /home/yanqiao/workspace/slambook/exercise/ch03/useEigen/eigenMatrix.cpp:1:
/usr/include/c++/4.8/ostream:192:7: note: std::basic_ostream<_CharT, _Traits>::__ostream_type& std::basic_ostream<_CharT, _Traits>::operator<<(unsigned int) [with _CharT = char; _Traits = std::char_traits<char>; std::basic_ostream<_CharT, _Traits>::__ostream_type = std::basic_ostream<char>]
       operator<<(unsigned int __n)
       ^
/usr/include/c++/4.8/ostream:192:7: note:   no known conversion for argument 1 from ‘Eigen::SelfAdjointEigenSolver<Eigen::Matrix<double, 3, 3> >’ to ‘unsigned int’
/usr/include/c++/4.8/ostream:201:7: note: std::basic_ostream<_CharT, _Traits>::__ostream_type& std::basic_ostream<_CharT, _Traits>::operator<<(long long int) [with _CharT = char; _Traits = std::char_traits<char>; std::basic_ostream<_CharT, _Traits>::__ostream_type = std::basic_ostream<char>]
       operator<<(long long __n)
       ^
/usr/include/c++/4.8/ostream:201:7: note:   no known conversion for argument 1 from ‘Eigen::SelfAdjointEigenSolver<Eigen::Matrix<double, 3, 3> >’ to ‘long long int’
/usr/include/c++/4.8/ostream:205:7: note: std::basic_ostream<_CharT, _Traits>::__ostream_type& std::basic_ostream<_CharT, _Traits>::operator<<(long long unsigned int) [with _CharT = char; _Traits = std::char_traits<char>; std::basic_ostream<_CharT, _Traits>::__ostream_type = std::basic_ostream<char>]
       operator<<(unsigned long long __n)
       ^
/usr/include/c++/4.8/ostream:205:7: note:   no known conversion for argument 1 from ‘Eigen::SelfAdjointEigenSolver<Eigen::Matrix<double, 3, 3> >’ to ‘long long unsigned int’
/usr/include/c++/4.8/ostream:220:7: note: std::basic_ostream<_CharT, _Traits>::__ostream_type& std::basic_ostream<_CharT, _Traits>::operator<<(double) [with _CharT = char; _Traits = std::char_traits<char>; std::basic_ostream<_CharT, _Traits>::__ostream_type = std::basic_ostream<char>]
       operator<<(double __f)
       ^
/usr/include/c++/4.8/ostream:220:7: note:   no known conversion for argument 1 from ‘Eigen::SelfAdjointEigenSolver<Eigen::Matrix<double, 3, 3> >’ to ‘double’
/usr/include/c++/4.8/ostream:224:7: note: std::basic_ostream<_CharT, _Traits>::__ostream_type& std::basic_ostream<_CharT, _Traits>::operator<<(float) [with _CharT = char; _Traits = std::char_traits<char>; std::basic_ostream<_CharT, _Traits>::__ostream_type = std::basic_ostream<char>]
       operator<<(float __f)
       ^
/usr/include/c++/4.8/ostream:224:7: note:   no known conversion for argument 1 from ‘Eigen::SelfAdjointEigenSolver<Eigen::Matrix<double, 3, 3> >’ to ‘float’
/usr/include/c++/4.8/ostream:232:7: note: std::basic_ostream<_CharT, _Traits>::__ostream_type& std::basic_ostream<_CharT, _Traits>::operator<<(long double) [with _CharT = char; _Traits = std::char_traits<char>; std::basic_ostream<_CharT, _Traits>::__ostream_type = std::basic_ostream<char>]
       operator<<(long double __f)
       ^
/usr/include/c++/4.8/ostream:232:7: note:   no known conversion for argument 1 from ‘Eigen::SelfAdjointEigenSolver<Eigen::Matrix<double, 3, 3> >’ to ‘long double’
/usr/include/c++/4.8/ostream:245:7: note: std::basic_ostream<_CharT, _Traits>::__ostream_type& std::basic_ostream<_CharT, _Traits>::operator<<(const void*) [with _CharT = char; _Traits = std::char_traits<char>; std::basic_ostream<_CharT, _Traits>::__ostream_type = std::basic_ostream<char>]
       operator<<(const void* __p)
       ^
/usr/include/c++/4.8/ostream:245:7: note:   no known conversion for argument 1 from ‘Eigen::SelfAdjointEigenSolver<Eigen::Matrix<double, 3, 3> >’ to ‘const void*’
In file included from /usr/include/c++/4.8/ostream:612:0,
                 from /usr/include/c++/4.8/iostream:39,
                 from /home/yanqiao/workspace/slambook/exercise/ch03/useEigen/eigenMatrix.cpp:1:
/usr/include/c++/4.8/bits/ostream.tcc:119:5: note: std::basic_ostream<_CharT, _Traits>& std::basic_ostream<_CharT, _Traits>::operator<<(std::basic_ostream<_CharT, _Traits>::__streambuf_type*) [with _CharT = char; _Traits = std::char_traits<char>; std::basic_ostream<_CharT, _Traits>::__streambuf_type = std::basic_streambuf<char>]
     basic_ostream<_CharT, _Traits>::
     ^
/usr/include/c++/4.8/bits/ostream.tcc:119:5: note:   no known conversion for argument 1 from ‘Eigen::SelfAdjointEigenSolver<Eigen::Matrix<double, 3, 3> >’ to ‘std::basic_ostream<char>::__streambuf_type* {aka std::basic_streambuf<char>*}’
In file included from /usr/include/c++/4.8/string:52:0,
                 from /usr/include/c++/4.8/bits/locale_classes.h:40,
                 from /usr/include/c++/4.8/bits/ios_base.h:41,
                 from /usr/include/c++/4.8/ios:42,
                 from /usr/include/c++/4.8/ostream:38,
                 from /usr/include/c++/4.8/iostream:39,
                 from /home/yanqiao/workspace/slambook/exercise/ch03/useEigen/eigenMatrix.cpp:1:
/usr/include/c++/4.8/bits/basic_string.h:2753:5: note: template<class _CharT, class _Traits, class _Alloc> std::basic_ostream<_CharT, _Traits>& std::operator<<(std::basic_ostream<_CharT, _Traits>&, const std::basic_string<_CharT, _Traits, _Alloc>&)
     operator<<(basic_ostream<_CharT, _Traits>& __os,
     ^
/usr/include/c++/4.8/bits/basic_string.h:2753:5: note:   template argument deduction/substitution failed:
/home/yanqiao/workspace/slambook/exercise/ch03/useEigen/eigenMatrix.cpp:63:34: note:   ‘Eigen::SelfAdjointEigenSolver<Eigen::Matrix<double, 3, 3> >’ is not derived from ‘const std::basic_string<_CharT, _Traits, _Alloc>’
  cout << "eigen_solver = \n" <<  eigen_solver << endl;
                                  ^
In file included from /usr/include/c++/4.8/iostream:39:0,
                 from /home/yanqiao/workspace/slambook/exercise/ch03/useEigen/eigenMatrix.cpp:1:
/usr/include/c++/4.8/ostream:471:5: note: template<class _CharT, class _Traits> std::basic_ostream<_CharT, _Traits>& std::operator<<(std::basic_ostream<_CharT, _Traits>&, _CharT)
     operator<<(basic_ostream<_CharT, _Traits>& __out, _CharT __c)
     ^
/usr/include/c++/4.8/ostream:471:5: note:   template argument deduction/substitution failed:
/home/yanqiao/workspace/slambook/exercise/ch03/useEigen/eigenMatrix.cpp:63:34: note:   deduced conflicting types for parameter ‘_CharT’ (‘char’ and ‘Eigen::SelfAdjointEigenSolver<Eigen::Matrix<double, 3, 3> >’)
  cout << "eigen_solver = \n" <<  eigen_solver << endl;
                                  ^
In file included from /usr/include/c++/4.8/iostream:39:0,
                 from /home/yanqiao/workspace/slambook/exercise/ch03/useEigen/eigenMatrix.cpp:1:
/usr/include/c++/4.8/ostream:476:5: note: template<class _CharT, class _Traits> std::basic_ostream<_CharT, _Traits>& std::operator<<(std::basic_ostream<_CharT, _Traits>&, char)
     operator<<(basic_ostream<_CharT, _Traits>& __out, char __c)
     ^
/usr/include/c++/4.8/ostream:476:5: note:   template argument deduction/substitution failed:
/home/yanqiao/workspace/slambook/exercise/ch03/useEigen/eigenMatrix.cpp:63:34: note:   cannot convert ‘eigen_solver’ (type ‘Eigen::SelfAdjointEigenSolver<Eigen::Matrix<double, 3, 3> >’) to type ‘char’
  cout << "eigen_solver = \n" <<  eigen_solver << endl;
                                  ^
In file included from /usr/include/c++/4.8/iostream:39:0,
                 from /home/yanqiao/workspace/slambook/exercise/ch03/useEigen/eigenMatrix.cpp:1:
/usr/include/c++/4.8/ostream:482:5: note: template<class _Traits> std::basic_ostream<char, _Traits>& std::operator<<(std::basic_ostream<char, _Traits>&, char)
     operator<<(basic_ostream<char, _Traits>& __out, char __c)
     ^
/usr/include/c++/4.8/ostream:482:5: note:   template argument deduction/substitution failed:
/home/yanqiao/workspace/slambook/exercise/ch03/useEigen/eigenMatrix.cpp:63:34: note:   cannot convert ‘eigen_solver’ (type ‘Eigen::SelfAdjointEigenSolver<Eigen::Matrix<double, 3, 3> >’) to type ‘char’
  cout << "eigen_solver = \n" <<  eigen_solver << endl;
                                  ^
In file included from /usr/include/c++/4.8/iostream:39:0,
                 from /home/yanqiao/workspace/slambook/exercise/ch03/useEigen/eigenMatrix.cpp:1:
/usr/include/c++/4.8/ostream:488:5: note: template<class _Traits> std::basic_ostream<char, _Traits>& std::operator<<(std::basic_ostream<char, _Traits>&, signed char)
     operator<<(basic_ostream<char, _Traits>& __out, signed char __c)
     ^
/usr/include/c++/4.8/ostream:488:5: note:   template argument deduction/substitution failed:
/home/yanqiao/workspace/slambook/exercise/ch03/useEigen/eigenMatrix.cpp:63:34: note:   cannot convert ‘eigen_solver’ (type ‘Eigen::SelfAdjointEigenSolver<Eigen::Matrix<double, 3, 3> >’) to type ‘signed char’
  cout << "eigen_solver = \n" <<  eigen_solver << endl;
                                  ^
In file included from /usr/include/c++/4.8/iostream:39:0,
                 from /home/yanqiao/workspace/slambook/exercise/ch03/useEigen/eigenMatrix.cpp:1:
/usr/include/c++/4.8/ostream:493:5: note: template<class _Traits> std::basic_ostream<char, _Traits>& std::operator<<(std::basic_ostream<char, _Traits>&, unsigned char)
     operator<<(basic_ostream<char, _Traits>& __out, unsigned char __c)
     ^
/usr/include/c++/4.8/ostream:493:5: note:   template argument deduction/substitution failed:
/home/yanqiao/workspace/slambook/exercise/ch03/useEigen/eigenMatrix.cpp:63:34: note:   cannot convert ‘eigen_solver’ (type ‘Eigen::SelfAdjointEigenSolver<Eigen::Matrix<double, 3, 3> >’) to type ‘unsigned char’
  cout << "eigen_solver = \n" <<  eigen_solver << endl;
                                  ^
In file included from /usr/include/c++/4.8/iostream:39:0,
                 from /home/yanqiao/workspace/slambook/exercise/ch03/useEigen/eigenMatrix.cpp:1:
/usr/include/c++/4.8/ostream:513:5: note: template<class _CharT, class _Traits> std::basic_ostream<_CharT, _Traits>& std::operator<<(std::basic_ostream<_CharT, _Traits>&, const _CharT*)
     operator<<(basic_ostream<_CharT, _Traits>& __out, const _CharT* __s)
     ^
/usr/include/c++/4.8/ostream:513:5: note:   template argument deduction/substitution failed:
/home/yanqiao/workspace/slambook/exercise/ch03/useEigen/eigenMatrix.cpp:63:34: note:   mismatched types ‘const _CharT*’ and ‘Eigen::SelfAdjointEigenSolver<Eigen::Matrix<double, 3, 3> >’
  cout << "eigen_solver = \n" <<  eigen_solver << endl;
                                  ^
In file included from /usr/include/c++/4.8/ostream:612:0,
                 from /usr/include/c++/4.8/iostream:39,
                 from /home/yanqiao/workspace/slambook/exercise/ch03/useEigen/eigenMatrix.cpp:1:
/usr/include/c++/4.8/bits/ostream.tcc:321:5: note: template<class _CharT, class _Traits> std::basic_ostream<_CharT, _Traits>& std::operator<<(std::basic_ostream<_CharT, _Traits>&, const char*)
     operator<<(basic_ostream<_CharT, _Traits>& __out, const char* __s)
     ^
/usr/include/c++/4.8/bits/ostream.tcc:321:5: note:   template argument deduction/substitution failed:
/home/yanqiao/workspace/slambook/exercise/ch03/useEigen/eigenMatrix.cpp:63:34: note:   cannot convert ‘eigen_solver’ (type ‘Eigen::SelfAdjointEigenSolver<Eigen::Matrix<double, 3, 3> >’) to type ‘const char*’
  cout << "eigen_solver = \n" <<  eigen_solver << endl;
                                  ^
In file included from /usr/include/c++/4.8/iostream:39:0,
                 from /home/yanqiao/workspace/slambook/exercise/ch03/useEigen/eigenMatrix.cpp:1:
/usr/include/c++/4.8/ostream:530:5: note: template<class _Traits> std::basic_ostream<char, _Traits>& std::operator<<(std::basic_ostream<char, _Traits>&, const char*)
     operator<<(basic_ostream<char, _Traits>& __out, const char* __s)
     ^
/usr/include/c++/4.8/ostream:530:5: note:   template argument deduction/substitution failed:
/home/yanqiao/workspace/slambook/exercise/ch03/useEigen/eigenMatrix.cpp:63:34: note:   cannot convert ‘eigen_solver’ (type ‘Eigen::SelfAdjointEigenSolver<Eigen::Matrix<double, 3, 3> >’) to type ‘const char*’
  cout << "eigen_solver = \n" <<  eigen_solver << endl;
                                  ^
In file included from /usr/include/c++/4.8/iostream:39:0,
                 from /home/yanqiao/workspace/slambook/exercise/ch03/useEigen/eigenMatrix.cpp:1:
/usr/include/c++/4.8/ostream:543:5: note: template<class _Traits> std::basic_ostream<char, _Traits>& std::operator<<(std::basic_ostream<char, _Traits>&, const signed char*)
     operator<<(basic_ostream<char, _Traits>& __out, const signed char* __s)
     ^
/usr/include/c++/4.8/ostream:543:5: note:   template argument deduction/substitution failed:
/home/yanqiao/workspace/slambook/exercise/ch03/useEigen/eigenMatrix.cpp:63:34: note:   cannot convert ‘eigen_solver’ (type ‘Eigen::SelfAdjointEigenSolver<Eigen::Matrix<double, 3, 3> >’) to type ‘const signed char*’
  cout << "eigen_solver = \n" <<  eigen_solver << endl;
                                  ^
In file included from /usr/include/c++/4.8/iostream:39:0,
                 from /home/yanqiao/workspace/slambook/exercise/ch03/useEigen/eigenMatrix.cpp:1:
/usr/include/c++/4.8/ostream:548:5: note: template<class _Traits> std::basic_ostream<char, _Traits>& std::operator<<(std::basic_ostream<char, _Traits>&, const unsigned char*)
     operator<<(basic_ostream<char, _Traits>& __out, const unsigned char* __s)
     ^
/usr/include/c++/4.8/ostream:548:5: note:   template argument deduction/substitution failed:
/home/yanqiao/workspace/slambook/exercise/ch03/useEigen/eigenMatrix.cpp:63:34: note:   cannot convert ‘eigen_solver’ (type ‘Eigen::SelfAdjointEigenSolver<Eigen::Matrix<double, 3, 3> >’) to type ‘const unsigned char*’
  cout << "eigen_solver = \n" <<  eigen_solver << endl;
                                  ^
In file included from /usr/include/eigen3/Eigen/Core:28:0,
                 from /home/yanqiao/workspace/slambook/exercise/ch03/useEigen/eigenMatrix.cpp:4:
/usr/include/c++/4.8/complex:524:5: note: template<class _Tp, class _CharT, class _Traits> std::basic_ostream<_CharT, _Traits>& std::operator<<(std::basic_ostream<_CharT, _Traits>&, const std::complex<_Tp>&)
     operator<<(basic_ostream<_CharT, _Traits>& __os, const complex<_Tp>& __x)
     ^
/usr/include/c++/4.8/complex:524:5: note:   template argument deduction/substitution failed:
/home/yanqiao/workspace/slambook/exercise/ch03/useEigen/eigenMatrix.cpp:63:34: note:   ‘Eigen::SelfAdjointEigenSolver<Eigen::Matrix<double, 3, 3> >’ is not derived from ‘const std::complex<_Tp>’
  cout << "eigen_solver = \n" <<  eigen_solver << endl;
                                  ^
In file included from /usr/include/eigen3/Eigen/Core:318:0,
                 from /home/yanqiao/workspace/slambook/exercise/ch03/useEigen/eigenMatrix.cpp:4:
/usr/include/eigen3/Eigen/src/Core/IO.h:240:16: note: template<class Derived> std::ostream& Eigen::operator<<(std::ostream&, const Eigen::DenseBase<Derived>&)
 std::ostream & operator <<
                ^
/usr/include/eigen3/Eigen/src/Core/IO.h:240:16: note:   template argument deduction/substitution failed:
/home/yanqiao/workspace/slambook/exercise/ch03/useEigen/eigenMatrix.cpp:63:34: note:   ‘Eigen::SelfAdjointEigenSolver<Eigen::Matrix<double, 3, 3> >’ is not derived from ‘const Eigen::DenseBase<Derived>’
  cout << "eigen_solver = \n" <<  eigen_solver << endl;
                                  ^
make[2]: *** [CMakeFiles/eigenMatrix.dir/eigenMatrix.cpp.o] Error 1
make[1]: *** [CMakeFiles/eigenMatrix.dir/all] Error 2
make: *** [all] Error 2
